[22:18:46] [INIT] KubeJS 1902.6.2-build.50; MC 1902 forge
[22:18:46] [INIT] Loaded plugins:
[22:18:46] [INIT] - dev.latvian.mods.kubejs.forge.BuiltinKubeJSForgePlugin
[22:18:46] [INIT] - dev.latvian.mods.kubejs.forge.BuiltinKubeJSForgeClientPlugin
[22:18:46] [INIT] - dev.latvian.kubejs.mekanism.MekanismKubeJSPlugin
[22:18:46] [INIT] - dev.latvian.mods.kubejs.thermal.KubeJSThermalPlugin
[22:18:46] [INIT] - com.klikli_dev.modonomicon.integration.kubejs.ModonomiconKubeJSPlugin
[22:18:46] [INIT] - dev.latvian.mods.kubejs.create.KubeJSCreatePlugin
[22:18:46] [INIT] - dev.latvian.mods.kubejs.immersiveengineering.ImmersiveEngineeringKubeJSPlugin
[22:18:47] [INFO] Loaded script server_scripts:create.js in 0.001 s
[22:18:47] [INFO] example.js#5: Hello, World! (Loaded server scripts)
[22:18:47] [INFO] Loaded script server_scripts:example.js in 0.001 s
[22:18:47] [INFO] Loaded script server_scripts:test.js in 0.0 s
[22:18:47] [INFO] Loaded 3/3 KubeJS server scripts in 0.012 s
[22:18:47] [INFO] Scripts loaded
[22:18:47] [INFO] Initializing recipe event...
[22:18:47] [INFO] Processing recipes...
[22:18:48] [WARN] Failed to parse recipe 'design_decor:stonecutting/metals/iron/screw[minecraft:stonecutting]'! Falling back to vanilla: ItemStack 'result' can't be empty!
[22:18:48] [WARN] Failed to parse recipe 'design_decor:stonecutting/metals/iron/bolt[minecraft:stonecutting]'! Falling back to vanilla: ItemStack 'result' can't be empty!
[22:18:48] [INFO] Found 10988 recipes in 140.1 ms
[22:18:48] [INFO] Posted recipe events in 30.44 ms
[22:18:48] [WARN] Error parsing recipe design_decor:item_application/millstones/special_aluminum_cylinder[create:item_application]: {"type":"create:item_application","ingredients":[{"item":"design_decor:aluminum_boiler"},{"item":"minecraft:pink_dye"}],"results":[{"item":"design_decor:aluminum_boiler_special"}]}: com.google.gson.JsonSyntaxException: Unknown item 'design_decor:aluminum_boiler'
[22:18:48] [WARN] Error parsing recipe design_decor:item_application/crushing_wheels/special_aluminum_cylinder[create:item_application]: {"type":"create:item_application","ingredients":[{"item":"design_decor:aluminum_boiler"},{"item":"minecraft:pink_dye"}],"results":[{"item":"design_decor:aluminum_boiler_special"}]}: com.google.gson.JsonSyntaxException: Unknown item 'design_decor:aluminum_boiler'
[22:18:48] [INFO] Added 2 recipes, removed 6 recipes, modified 1 recipes, with 2 failed recipes in 22.74 ms
